

HI-TECH Software 8051 Macro Assembler V9.60                                Page 1
                                                       Mon Feb 24 20:35:35 2025

     1                           	psect	idata,class=DATA,space=1,limit=080h
     2                           	psect	irdata,class=DATA,limit=080h
     3                           	global	_main
     4                           	signat	_main,88
     5                           	global	stack_internal
     6                           	psect	text,class=CODE
     7                           	psect	text
     8                           	file	"C:\Users\A4F7~1\Desktop\prog2\project1\ma
                                 in.c"
     9                           	line	3
    10  00003                     _main:
    11  00003  80 41              	j	f1411
    12  00005                     f1410:
    13                           ;main.c: 2: void main()
    14                           
    15                           ;main.c: 3: {
    16                           
    17                           ;	var   _i assigned to ?a_main+0
    18                           ;	var   _j assigned to ?a_main+1
    19                           	psect	data,class=CODE
    20                           	psect	data
    21  00100                     F158:
    22  00100  C0                 	db	(192)
    23  00101  90                 	db	(144)
    24  00102  F9                 	db	(249)
    25  00103  A4                 	db	(164)
    26  00104  B0                 	db	(176)
    27  00105  80                 	db	(128)
    28  00106  99                 	db	(153)
    29  00107  92                 	db	(146)
    30  00108  82                 	db	(130)
    31  00109  F8                 	db	(248)
    32  0010A  FF                 	db	(255)
    33                           ;	var   _massiv_tup assigned to ?a_main+2
    34                           ;main.c: 4: unsigned char i,j;
    35                           
    36                           ;main.c: 6: unsigned char massiv_tup [11]=
    37                           
    38                           ;main.c: 7: {
    39                           
    40                           ;main.c: 8: 0xC0,
    41                           
    42                           ;main.c: 9: 0x90,
    43                           
    44                           ;main.c: 10: 0xF9,
    45                           
    46                           ;main.c: 11: 0xA4,
    47                           
    48                           ;main.c: 12: 0xB0,
    49                           
    50                           ;main.c: 13: 0x80,
    51                           
    52                           ;main.c: 14: 0x99,
    53                           
    54                           ;main.c: 15: 0x92,
    55                           
    56                           ;main.c: 16: 0x82,
    57                           
    58                           ;main.c: 17: 0xF8,
    59                           
    60                           ;main.c: 18: 0xFF
    61                           
    62                           ;main.c: 19: };
    63                           
    64                           	psect	text
    65                           	line	19
    66  00005  78 01              	mov	r0,#high (F158)
    67  00007  79 00              	mov	r1,#low (F158)
    68  00009  7A 00              	mov	r2,#high (?a_main+2)
    69  0000B  7B 22              	mov	r3,#low (?a_main+2)
    70  0000D  7D 0B              	mov	r5,#low 11
    71  0000F  7C 00              	mov	r4,#high 11
    72                           	global	str_copy
    73  00011  12 005E            	lcall	str_copy
    74                           ;main.c: 20: while(1000){
    75                           
    76                           	line	20
    77  00014  80 27              	jmp	l4
    78  00016                     l5:
    79                           ;main.c: 21: P1=massiv_tup [10];
    80                           
    81                           	line	21
    82  00016  79 2C              	mov	r1,#?a_main+2+0Ah
    83  00018  87 90              	mov	090h,@r1
    84                           ;main.c: 22: P3 = 0;
    85                           
    86                           	line	22
    87  0001A  75 B0 00           	mov	0B0h,#0
    88                           ;main.c: 23: i = 0;
    89                           
    90                           	line	23
    91  0001D  75 20  00          	mov	?a_main+0,#0
    92                           ;main.c: 24: while (i<10){
    93                           
    94                           	line	24
    95  00020  80 11              	jmp	l7
    96  00022                     l8:
    97                           ;main.c: 25: P2 = massiv_tup [i];
    98                           
    99                           	line	25
   100  00022  74 22              	mov	a,#?a_main+2
   101  00024  A9 20              	mov	r1,?a_main+0
   102  00026  78 00              	mov	r0,#0
   103  00028  29                 	add	a,r1
   104  00029  F9                 	mov	r1,a
   105  0002A  87 A0              	mov	0A0h,@r1
   106                           ;main.c: 26: if(P3 == 1) {
   107                           
   108                           	line	26
   109  0002C  E5 B0              	mov	a,0B0h
   110  0002E  B4 01 02           	cbne	a,#(1),l10
   111                           ;main.c: 27: i += 1;
   112                           
   113                           	line	27
   114  00031  05 20              	inc	?a_main+0
   115                           	line	28
   116  00033                     l10:
   117                           	line	29
   118  00033                     l7:
   119                           	line	24
   120  00033  E5 20              	mov	a,?a_main+0
   121  00035  24 F6              	add	a,#-0Ah
   122  00037  50 02              	bnc	u11
   123  00039  80 02              	jmp	u10
   124  0003B                     u11:
   125  0003B  80 E5              	jmp	l8
   126  0003D                     u10:
   127  0003D                     l9:
   128                           	line	30
   129  0003D                     l4:
   130                           	line	20
   131  0003D  80 D7              	jmp	l5
   132  0003F                     l6:
   133                           ;main.c: 28: }
   134                           
   135                           ;main.c: 29: }
   136                           
   137                           ;main.c: 30: }
   138                           
   139                           ;main.c: 31: P2=massiv_tup [10];
   140                           
   141                           	line	31
   142  0003F  79 2C              	mov	r1,#?a_main+2+0Ah
   143  00041  87 A0              	mov	0A0h,@r1
   144                           ;main.c: 32: while(1);
   145                           
   146                           	line	32
   147  00043                     l12:
   148  00043                     l11:
   149  00043  80 FE              	jmp	l12
   150  00045                     l13:
   151                           ;main.c: 33: }
   152                           
   153                           	line	33
   154  00045                     l3:
   155  00045  22                 	ret
   156  00046                     f1411:
   157  00046  80 BD              	j	f1410
   158                           	FNSIZE	_main,13,0
   159                           	global	?a_main
   160  0000                     f1412	equ	0
   161  0000                     _A10	equ	162
   162  0000                     _A11	equ	163
   163  0000                     _A12	equ	164
   164  0000                     _A13	equ	165
   165  0000                     _A14	equ	166
   166  0000                     _A15	equ	167
   167  0000                     _A8	equ	160
   168  0000                     _A9	equ	161
   169  0000                     _AC	equ	214
   170  0000                     _ACC0	equ	224
   171  0000                     _ACC1	equ	225
   172  0000                     _ACC2	equ	226
   173  0000                     _ACC3	equ	227
   174  0000                     _ACC4	equ	228
   175  0000                     _ACC5	equ	229
   176  0000                     _ACC6	equ	230
   177  0000                     _ACC7	equ	231
   178  0000                     _AD0	equ	128
   179  0000                     _AD1	equ	129
   180  0000                     _AD2	equ	130
   181  0000                     _AD3	equ	131
   182  0000                     _AD4	equ	132
   183  0000                     _AD5	equ	133
   184  0000                     _AD6	equ	134
   185  0000                     _AD7	equ	135
   186  0000                     _B0	equ	240
   187  0000                     _B1	equ	241
   188  0000                     _B2	equ	242
   189  0000                     _B3	equ	243
   190  0000                     _B4	equ	244
   191  0000                     _B5	equ	245
   192  0000                     _B6	equ	246
   193  0000                     _B7	equ	247
   194  0000                     _CY	equ	215
   195  0000                     _EA	equ	175
   196  0000                     _ES	equ	172
   197  0000                     _ET0	equ	169
   198  0000                     _ET1	equ	171
   199  0000                     _EX0	equ	168
   200  0000                     _EX1	equ	170
   201  0000                     _F0	equ	213
   202  0000                     _IE0	equ	137
   203  0000                     _IE1	equ	139
   204  0000                     _INT0	equ	178
   205  0000                     _INT1	equ	179
   206  0000                     _IT0	equ	136
   207  0000                     _IT1	equ	138
   208  0000                     _OV	equ	210
   209  0000                     _P	equ	208
   210  0000                     _P00	equ	128
   211  0000                     _P01	equ	129
   212  0000                     _P02	equ	130
   213  0000                     _P03	equ	131
   214  0000                     _P04	equ	132
   215  0000                     _P05	equ	133
   216  0000                     _P06	equ	134
   217  0000                     _P07	equ	135
   218  0000                     _P10	equ	144
   219  0000                     _P11	equ	145
   220  0000                     _P12	equ	146
   221  0000                     _P13	equ	147
   222  0000                     _P14	equ	148
   223  0000                     _P15	equ	149
   224  0000                     _P16	equ	150
   225  0000                     _P17	equ	151
   226  0000                     _P20	equ	160
   227  0000                     _P21	equ	161
   228  0000                     _P22	equ	162
   229  0000                     _P23	equ	163
   230  0000                     _P24	equ	164
   231  0000                     _P25	equ	165
   232  0000                     _P26	equ	166
   233  0000                     _P27	equ	167
   234  0000                     _P30	equ	176
   235  0000                     _P31	equ	177
   236  0000                     _P32	equ	178
   237  0000                     _P33	equ	179
   238  0000                     _P34	equ	180
   239  0000                     _P35	equ	181
   240  0000                     _P36	equ	182
   241  0000                     _P37	equ	183
   242  0000                     _PS	equ	188
   243  0000                     _PT0	equ	185
   244  0000                     _PT1	equ	187
   245  0000                     _PX0	equ	184
   246  0000                     _PX1	equ	186
   247  0000                     _RB8	equ	154
   248  0000                     _RD	equ	183
   249  0000                     _REN	equ	156
   250  0000                     _RI	equ	152
   251  0000                     _RS0	equ	211
   252  0000                     _RS1	equ	212
   253  0000                     _RXD	equ	176
   254  0000                     _SM0	equ	159
   255  0000                     _SM1	equ	158
   256  0000                     _SM2	equ	157
   257  0000                     _T0	equ	180
   258  0000                     _T1	equ	181
   259  0000                     _TB8	equ	155
   260  0000                     _TF0	equ	141
   261  0000                     _TF1	equ	143
   262  0000                     _TI	equ	153
   263  0000                     _TR0	equ	140
   264  0000                     _TR1	equ	142
   265  0000                     _TXD	equ	177
   266  0000                     _WR	equ	182
   267  0000                     _ACC	equ	224
   268  0000                     _B	equ	240
   269  0000                     _DPH	equ	131
   270  0000                     _DPL	equ	130
   271  0000                     _IE	equ	168
   272  0000                     _IP	equ	184
   273  0000                     _P0	equ	128
   274  0000                     _P1	equ	144
   275  0000                     _P2	equ	160
   276  0000                     _P3	equ	176
   277  0000                     _PCON	equ	135
   278  0000                     _PSW	equ	208
   279  0000                     _SBUF	equ	153
   280  0000                     _SCON	equ	152
   281  0000                     _SP	equ	129
   282  0000                     _TCON	equ	136
   283  0000                     _TH0	equ	140
   284  0000                     _TH1	equ	141
   285  0000                     _TL0	equ	138
   286  0000                     _TL1	equ	139
   287  0000                     _TMOD	equ	137
   288  0000                     _ACC_BITS	equ	224
   289  0000                     _B_BITS	equ	240
   290  0000                     _IE_BITS	equ	168
   291  0000                     _IP_BITS	equ	184
   292  0000                     _P0_BITS	equ	128
   293  0000                     _P1_BITS	equ	144
   294  0000                     _P2_BITS	equ	160
   295  0000                     _P3_BITS	equ	176
   296  0000                     _PCON_BITS	equ	135
   297  0000                     _PSW_BITS	equ	208
   298  0000                     _SCON_BITS	equ	152
   299  0000                     _TCON_BITS	equ	136
   300  0000                     _TMOD_BITS	equ	137


HI-TECH Software 8051 Macro Assembler V9.60                                Page 2
Symbol Table                                           Mon Feb 24 20:35:35 2025

       ?a_main 00020              _B 000F0              l3 00045  
            l4 0003D              l5 00016              _P 000D0  
            l6 0003F              l7 00033              l8 00022  
            l9 0003D             _B0 000F0             _B1 000F1  
           _B2 000F2             _B3 000F3             _B4 000F4  
           _B5 000F5             _B6 000F6             _A8 000A0  
           _B7 000F7             _A9 000A1             _F0 000D5  
           _AC 000D6             l10 00033             l11 00043  
           l12 00043             l13 00045             _EA 000AF  
           _P0 00080             _P1 00090             _P2 000A0  
           _P3 000B0             _IE 000A8             _T0 000B4  
           _T1 000B5             _ES 000AC             _CY 000D7  
           _IP 000B8             _RD 000B7             u10 0003D  
           u11 0003B             _RI 00098             _TI 00099  
           _PS 000BC             _OV 000D2             _SP 00081  
           _WR 000B6         _B_BITS 000F0            F158 00100  
          _A10 000A2            _A11 000A3            _A12 000A4  
          _A13 000A5            _A14 000A6            _A15 000A7  
          _AD0 00080            _AD1 00081            _AD2 00082  
          _AD3 00083            _AD4 00084            _AD5 00085  
          _AD6 00086            _AD7 00087            _ACC 000E0  
          _P00 00080            _P01 00081            _P10 00090  
          _P02 00082            _P11 00091            _P03 00083  
          _P20 000A0            _P12 00092            _P04 00084  
          _P21 000A1            _P13 00093            _P05 00085  
          _P30 000B0            _P22 000A2            _P14 00094  
          _P06 00086            _P31 000B1            _P23 000A3  
          _P15 00095            _P07 00087            _P32 000B2  
          _P24 000A4            _P16 00096            _P33 000B3  
          _P25 000A5            _P17 00097            _P34 000B4  
          _P26 000A6            _P35 000B5            _P27 000A7  
          _P36 000B6            _P37 000B7            _IE0 00089  
          _IE1 0008B            _ET0 000A9            _ET1 000AB  
          _EX0 000A8            _EX1 000AA            _DPH 00083  
          _DPL 00082            _IT0 00088            _IT1 0008A  
          _RB8 0009A            _TF0 0008D            _TB8 0009B  
          _TF1 0008F            _TH0 0008C            _TH1 0008D  
          _SM0 0009F            _SM1 0009E            _TL0 0008A  
          _SM2 0009D            _PT0 000B9            _TL1 0008B  
          _PT1 000BB            _RS0 000D3            _RS1 000D4  
          _REN 0009C            _PX0 000B8            _PX1 000BA  
          _TR0 0008C            _TR1 0008E            _RXD 000B0  
          _PSW 000D0            _TXD 000B1        _P0_BITS 00080  
      _P1_BITS 00090        _P2_BITS 000A0        _P3_BITS 000B0  
      _IE_BITS 000A8       _ACC_BITS 000E0        _IP_BITS 000B8  
         f1410 00005           f1411 00046           f1412 00000  
         _ACC0 000E0           _ACC1 000E1           _ACC2 000E2  
         _ACC3 000E3           _ACC4 000E4           _ACC5 000E5  
         _ACC6 000E6           _ACC7 000E7  stack_internal 00001  
         _INT0 000B2           _INT1 000B3           _PCON 00087  
         _SCON 00098           _SBUF 00099           _TCON 00088  
         _TMOD 00089           _main 00003       _PSW_BITS 000D0  
    _PCON_BITS 00087      _SCON_BITS 00098      _TCON_BITS 00088  
      str_copy 0005E      _TMOD_BITS 00089  
